17:57:52.135026	INFO	Load Config From C:\FC 25 Live Editor\le_config.json
17:57:52.136289	INFO	Config Load Done
17:57:52.136947	ERROR	[LE::FilesManager::GetGameInstallDirFromReg] RegOpenKey failed. Status: 2
17:57:52.137552	WARN	Can't find game directory in registry
17:57:52.138145	INFO	Live Editor v25.1.0
17:57:52.138726	INFO	Game Install Dir: 
17:57:52.139300	INFO	Live Editor Dir: C:\Users\Vip0\OneDrive\Desktop\some.app\fc\l
17:57:52.139905	ERROR	[LE::FilesManager::GetGameInstallDirFromReg] RegOpenKey failed. Status: 2
17:57:52.140501	WARN	Can't find game directory in registry
17:57:52.141303	FATAL	Can't find file
FC25.exe
17:57:52.141974	ERROR	[LE::FilesManager::GetGameInstallDirFromReg] RegOpenKey failed. Status: 2
17:57:52.142573	WARN	Can't find game directory in registry
17:57:52.143234	ERROR	[LE::FilesManager::GetGameInstallDirFromReg] RegOpenKey failed. Status: 2
17:57:52.143838	WARN	Can't find game directory in registry
17:57:52.144491	ERROR	[LE::FilesManager::GetGameInstallDirFromReg] RegOpenKey failed. Status: 2
17:57:52.145147	WARN	Can't find game directory in registry
17:57:52.146161	INFO	Load Language - eng_us
17:57:52.146813	ERROR	Can't Find C:\Users\Vip0\OneDrive\Desktop\some.app\fc\l\loc\eng_us\localize.json
17:57:52.147400	INFO	[Core::Init] Done
17:57:53.141414	ERROR	[LE::FilesManager::GetGameInstallDirFromReg] RegOpenKey failed. Status: 2
17:57:53.142412	WARN	Can't find game directory in registry
17:57:53.289814	INFO	[GUI::SetupImGUI] Start
17:57:53.291212	INFO	[GUI::SetupImGUI] Done
17:57:53.295282	INFO	[Injector::Inject]
17:57:53.296553	INFO	[Injector::Inject] DLL dir: C:\Users\Vip0\OneDrive\Desktop\some.app\fc\l\FCLiveEditor.DLL
17:57:53.312446	ERROR	[LE::FilesManager::GetGameInstallDirFromReg] RegOpenKey failed. Status: 2
17:57:53.313170	WARN	Can't find game directory in registry
17:57:53.313906	INFO	[Core::GetGameVer]
17:57:53.314552	ERROR	[LE::FilesManager::GetGameInstallDirFromReg] RegOpenKey failed. Status: 2
17:57:53.315163	WARN	Can't find game directory in registry
17:57:53.315768	INFO	[Core::GetTU] gameVersion 0.0.0.0
17:57:53.352117	INFO	[Injector::Inject] Trying to inject into FC25.exe
17:57:53.353514	INFO	STATUS_WAITING_FOR_GAME
17:57:55.981247	INFO	[LE::FilesManager::UnInstallFakeAnticheat] Start
17:57:55.982607	ERROR	[LE::FilesManager::GetGameInstallDirFromReg] RegOpenKey failed. Status: 2
17:57:55.983738	WARN	Can't find game directory in registry
19:09:23.483702	INFO	Load Config From C:\FC 25 Live Editor\le_config.json
19:09:23.485108	INFO	Config Load Done
19:09:23.486031	INFO	Live Editor v25.1.0
19:09:23.486750	INFO	Game Install Dir: C:\Program Files (x86)\Steam\steamapps\common\EA SPORTS FC 25\
19:09:23.487440	INFO	Live Editor Dir: C:\Users\Vip0\OneDrive\Desktop\some.app\fc\l
19:09:23.488270	INFO	[LE::FilesManager::RestoreAnticheat] Start
19:09:23.489002	INFO	[LE::FilesManager::RestoreAnticheat] Done
19:09:23.489749	INFO	[LE::FilesManager::BackupAnticheat] Start
19:09:23.503344	INFO	[LE::FilesManager::BackupAnticheat] Done
19:09:23.504341	INFO	[LE::FilesManager::InstallFakeAnticheat] Start
19:09:23.505158	FATAL	Fake Anticheat Launcher not found C:\Users\Vip0\OneDrive\Desktop\some.app\fc\l\FakeEAACLauncher\EAAntiCheat.GameServiceLauncher.exe
19:09:23.506477	INFO	Load Language - eng_us
19:09:23.507247	ERROR	Can't Find C:\Users\Vip0\OneDrive\Desktop\some.app\fc\l\loc\eng_us\localize.json
19:09:23.507896	INFO	[Core::Init] Done
19:09:24.456060	INFO	[UIWindows::UILocaleIni::LoadLocale]
19:09:24.456942	INFO	[UIWindows::UILocaleIni::LoadLocale] Load Encrypted C:\FC 25 Live Editor\mods\locale.ini
19:09:24.457947	INFO	[UIWindows::UILocaleIni::DecryptLocaleFile]
19:09:24.459712	INFO	[UIWindows::UILocaleIni::DecryptLocaleFile] Done
19:09:24.460479	INFO	[UIWindows::UILocaleIni::LoadLocale] Done
19:09:24.601072	INFO	[GUI::SetupImGUI] Start
19:09:24.602205	INFO	[GUI::SetupImGUI] Done
19:09:24.606279	INFO	[Injector::Inject]
19:09:24.607333	INFO	[Injector::Inject] DLL dir: C:\Users\Vip0\OneDrive\Desktop\some.app\fc\l\FCLiveEditor.DLL
19:09:24.608504	INFO	[Injector::Inject] Trying to inject into FC25.exe
19:09:24.609400	INFO	STATUS_WAITING_FOR_GAME
19:09:24.618561	INFO	[Core::GetGameVer]
19:09:24.620710	INFO	[Core::GetTU] gameVersion 1.0.124.14362
19:09:26.960400	INFO	[Core::RunGame]
19:09:26.961646	INFO	Game Location: C:\Program Files (x86)\Steam\steamapps\common\EA SPORTS FC 25\FC25.exe
19:09:27.086386	INFO	ShellExecuteExW Done
19:09:27.181881	INFO	STATUS_INJECTING, delay 100 ms
19:10:15.098912	INFO	Game Window Found
19:10:15.102036	INFO	Injection done - shutdown
19:10:15.103501	INFO	[LE::FilesManager::UnInstallFakeAnticheat] Start
19:10:15.104561	INFO	[LE::FilesManager::RestoreAnticheat] Start
19:10:15.106337	ERROR	[LE::FilesManager::RestoreAnticheat] error remove: Access is denied.: "C:\Program Files (x86)\Steam\steamapps\common\EA SPORTS FC 25\EAAntiCheat.GameServiceLauncher.exe"
19:10:15.107187	INFO	[LE::FilesManager::RestoreAnticheat] Done
19:10:15.109936	INFO	[LE::FilesManager::UnInstallFakeAnticheat] Done
